<?xml version="1.0" encoding="UTF-8"?>
<robot generator="Robot 3.1.2 (Python 3.8.1 on win32)" generated="20200116 07:54:01.343" rpa="false">
<suite id="s1" name="Valid Login" source="C:\Users\prasa\OneDrive\Desktop\Robot\webdemo\WebDemo\login_tests\valid_login.robot">
<test id="s1-t1" name="Valid Login">
<kw name="Open Browser To Login Page" library="resource">
<kw name="Open Browser" library="SeleniumLibrary">
<doc>Opens a new browser instance to the optional ``url``.</doc>
<arguments>
<arg>${LOGIN URL}</arg>
<arg>${BROWSER}</arg>
</arguments>
<msg timestamp="20200116 07:54:02.024" level="INFO">Opening browser 'Firefox' to base url 'http://localhost:7272/'.</msg>
<msg timestamp="20200116 07:54:02.026" level="INFO">Firefox driver log is always forced to to: C:\Users\prasa\OneDrive\Desktop\Robot\webdemo\WebDemo\login_tests\geckodriver-2.log</msg>
<status status="PASS" starttime="20200116 07:54:02.024" endtime="20200116 07:54:09.054"></status>
</kw>
<kw name="Maximize Browser Window" library="SeleniumLibrary">
<doc>Maximizes current browser window.</doc>
<status status="PASS" starttime="20200116 07:54:09.055" endtime="20200116 07:54:09.363"></status>
</kw>
<kw name="Set Selenium Speed" library="SeleniumLibrary">
<doc>Sets the delay that is waited after each Selenium command.</doc>
<arguments>
<arg>${DELAY}</arg>
</arguments>
<status status="PASS" starttime="20200116 07:54:09.363" endtime="20200116 07:54:09.364"></status>
</kw>
<kw name="Login Page Should Be Open" library="resource">
<kw name="Title Should Be" library="SeleniumLibrary">
<doc>Verifies that the current page title equals ``title``.</doc>
<arguments>
<arg>Login Page</arg>
</arguments>
<msg timestamp="20200116 07:54:09.373" level="INFO">Page title is 'Login Page'.</msg>
<status status="PASS" starttime="20200116 07:54:09.366" endtime="20200116 07:54:09.374"></status>
</kw>
<status status="PASS" starttime="20200116 07:54:09.364" endtime="20200116 07:54:09.374"></status>
</kw>
<status status="PASS" starttime="20200116 07:54:02.024" endtime="20200116 07:54:09.374"></status>
</kw>
<kw name="Input Username" library="resource">
<arguments>
<arg>demo</arg>
</arguments>
<kw name="Input Text" library="SeleniumLibrary">
<doc>Types the given ``text`` into the text field identified by ``locator``.</doc>
<arguments>
<arg>username_field</arg>
<arg>${username}</arg>
</arguments>
<msg timestamp="20200116 07:54:09.379" level="INFO">Typing text 'demo' into text field 'username_field'.</msg>
<status status="PASS" starttime="20200116 07:54:09.378" endtime="20200116 07:54:09.466"></status>
</kw>
<status status="PASS" starttime="20200116 07:54:09.376" endtime="20200116 07:54:09.468"></status>
</kw>
<kw name="Input Password" library="resource">
<arguments>
<arg>mode</arg>
</arguments>
<kw name="Input Text" library="SeleniumLibrary">
<doc>Types the given ``text`` into the text field identified by ``locator``.</doc>
<arguments>
<arg>password_field</arg>
<arg>${password}</arg>
</arguments>
<msg timestamp="20200116 07:54:09.473" level="INFO">Typing text 'mode' into text field 'password_field'.</msg>
<status status="PASS" starttime="20200116 07:54:09.472" endtime="20200116 07:54:09.515"></status>
</kw>
<status status="PASS" starttime="20200116 07:54:09.470" endtime="20200116 07:54:09.515"></status>
</kw>
<kw name="Submit Credentials" library="resource">
<kw name="Click Button" library="SeleniumLibrary">
<doc>Clicks the button identified by ``locator``.</doc>
<arguments>
<arg>login_button</arg>
</arguments>
<msg timestamp="20200116 07:54:09.516" level="INFO">Clicking button 'login_button'.</msg>
<status status="PASS" starttime="20200116 07:54:09.516" endtime="20200116 07:54:09.574"></status>
</kw>
<status status="PASS" starttime="20200116 07:54:09.516" endtime="20200116 07:54:09.574"></status>
</kw>
<kw name="Welcome Page Should Be Open" library="resource">
<kw name="Location Should Be" library="SeleniumLibrary">
<doc>Verifies that the current URL is exactly ``url``.</doc>
<arguments>
<arg>${WELCOME URL}</arg>
</arguments>
<msg timestamp="20200116 07:54:09.580" level="INFO">Current location is 'http://localhost:7272/welcome.html'.</msg>
<status status="PASS" starttime="20200116 07:54:09.575" endtime="20200116 07:54:09.581"></status>
</kw>
<kw name="Title Should Be" library="SeleniumLibrary">
<doc>Verifies that the current page title equals ``title``.</doc>
<arguments>
<arg>Welcome Page</arg>
</arguments>
<msg timestamp="20200116 07:54:09.587" level="INFO">Page title is 'Welcome Page'.</msg>
<status status="PASS" starttime="20200116 07:54:09.581" endtime="20200116 07:54:09.587"></status>
</kw>
<status status="PASS" starttime="20200116 07:54:09.575" endtime="20200116 07:54:09.587"></status>
</kw>
<kw name="Close Browser" library="SeleniumLibrary" type="teardown">
<doc>Closes the current browser.</doc>
<status status="PASS" starttime="20200116 07:54:09.588" endtime="20200116 07:54:10.885"></status>
</kw>
<status status="PASS" starttime="20200116 07:54:02.023" endtime="20200116 07:54:10.885" critical="yes"></status>
</test>
<doc>A test suite with a single test for valid login.

This test has a workflow that is created using keywords in
the imported resource file.</doc>
<status status="PASS" starttime="20200116 07:54:01.346" endtime="20200116 07:54:10.886"></status>
</suite>
<statistics>
<total>
<stat pass="1" fail="0">Critical Tests</stat>
<stat pass="1" fail="0">All Tests</stat>
</total>
<tag>
</tag>
<suite>
<stat pass="1" fail="0" id="s1" name="Valid Login">Valid Login</stat>
</suite>
</statistics>
<errors>
</errors>
</robot>
